<?xml version="1.0" encoding="UTF-8"?>
<testng-results ignored="0" total="1" passed="1" failed="0" skipped="0">
  <reporter-output>
  </reporter-output>
  <suite started-at="2022-02-22T09:00:47 IST" name="inetBanking" finished-at="2022-02-22T09:01:59 IST" duration-ms="71713">
    <groups>
    </groups>
    <test started-at="2022-02-22T09:00:47 IST" name="Banking App Test" finished-at="2022-02-22T09:01:59 IST" duration-ms="71713">
      <class name="com.inetBanking.testcases.TC_AddNewCustomer_003">
        <test-method is-config="true" signature="setup(java.lang.String)[pri:0, instance:com.inetBanking.testcases.TC_AddNewCustomer_003@7d3e8655]" started-at="2022-02-22T09:00:48 IST" name="setup" finished-at="2022-02-22T09:01:23 IST" duration-ms="34488" status="PASS">
          <params>
            <param index="0">
              <value>
                <![CDATA[Chrome]]>
              </value>
            </param>
          </params>
          <reporter-output>
          </reporter-output>
        </test-method> <!-- setup -->
        <test-method signature="AddNewCustomer()[pri:0, instance:com.inetBanking.testcases.TC_AddNewCustomer_003@7d3e8655]" started-at="2022-02-22T09:01:23 IST" name="AddNewCustomer" finished-at="2022-02-22T09:01:58 IST" duration-ms="34747" status="PASS">
          <reporter-output>
          </reporter-output>
        </test-method> <!-- AddNewCustomer -->
        <test-method is-config="true" signature="tearDown()[pri:0, instance:com.inetBanking.testcases.TC_AddNewCustomer_003@7d3e8655]" started-at="2022-02-22T09:01:58 IST" name="tearDown" finished-at="2022-02-22T09:01:59 IST" duration-ms="1334" status="PASS">
          <reporter-output>
          </reporter-output>
        </test-method> <!-- tearDown -->
      </class> <!-- com.inetBanking.testcases.TC_AddNewCustomer_003 -->
    </test> <!-- Banking App Test -->
  </suite> <!-- inetBanking -->
</testng-results>
